Compilación iniciada a las 12/03/2016 16:49:58.
     1>Proyecto "C:\Users\huig\Desktop\Universidad\Master\OpenGL\practica1\freeglut project 3D\freeglut project 3D.vcxproj" en el nodo 2 (Build destinos).
     1>ClCompile:
         C:\Program Files (x86)\Microsoft Visual Studio 12.0\VC\bin\CL.exe /c /IC:\Users\huig\Desktop\Universidad\Master\OpenGL\practica1\freeglut\include\ /ZI /nologo /W3 /WX- /Od /Oy- /D _MBCS /Gm /EHsc /RTC1 /MDd /GS /fp:precise /Zc:wchar_t /Zc:forScope /Fo"Debug\\" /Fd"Debug\vc120.pdb" /Gd /TP /analyze- /errorReport:prompt Cara.cpp Cubo.cpp Iman.cpp main.cpp Malla.cpp PuntoVector3D.cpp Tetraedro.cpp VerticeNormal.cpp
         VerticeNormal.cpp
         Tetraedro.cpp
         PuntoVector3D.cpp
         Malla.cpp
         main.cpp
         Iman.cpp
     1>c:\users\huig\desktop\universidad\master\opengl\practica1\freeglut project 3d\iman.cpp(11): warning C4244: 'argumento' : conversión de 'double' a 'GLfloat'; posible pérdida de datos
     1>c:\users\huig\desktop\universidad\master\opengl\practica1\freeglut project 3d\iman.cpp(12): warning C4244: 'argumento' : conversión de 'double' a 'GLfloat'; posible pérdida de datos
     1>c:\users\huig\desktop\universidad\master\opengl\practica1\freeglut project 3d\iman.cpp(13): warning C4244: 'argumento' : conversión de 'double' a 'GLfloat'; posible pérdida de datos
     1>c:\users\huig\desktop\universidad\master\opengl\practica1\freeglut project 3d\iman.cpp(14): warning C4244: 'argumento' : conversión de 'double' a 'GLfloat'; posible pérdida de datos
     1>c:\users\huig\desktop\universidad\master\opengl\practica1\freeglut project 3d\iman.cpp(41): warning C4244: 'argumento' : conversión de 'double' a 'GLfloat'; posible pérdida de datos
         Cubo.cpp
         Cara.cpp
         Generando código...
       Link:
         C:\Program Files (x86)\Microsoft Visual Studio 12.0\VC\bin\link.exe /ERRORREPORT:PROMPT /OUT:"C:\Users\huig\Desktop\Universidad\Master\OpenGL\practica1\Debug\freeglut project 3D.exe" /INCREMENTAL /NOLOGO /LIBPATH:C:\Users\huig\Desktop\Universidad\Master\OpenGL\practica1\freeglut\lib\ kernel32.lib user32.lib gdi32.lib winspool.lib comdlg32.lib advapi32.lib shell32.lib ole32.lib oleaut32.lib uuid.lib odbc32.lib odbccp32.lib /MANIFEST /MANIFESTUAC:"level='asInvoker' uiAccess='false'" /manifest:embed /DEBUG /PDB:"C:\Users\huig\Desktop\Universidad\Master\OpenGL\practica1\Debug\freeglut project 3D.pdb" /TLBID:1 /DYNAMICBASE /NXCOMPAT /IMPLIB:"C:\Users\huig\Desktop\Universidad\Master\OpenGL\practica1\Debug\freeglut project 3D.lib" /MACHINE:X86 Debug\Cara.obj
         Debug\Cubo.obj
         Debug\Iman.obj
         Debug\main.obj
         Debug\Malla.obj
         Debug\PuntoVector3D.obj
         Debug\Tetraedro.obj
         Debug\VerticeNormal.obj
         freeglut project 3D.vcxproj -> C:\Users\huig\Desktop\Universidad\Master\OpenGL\practica1\Debug\freeglut project 3D.exe
     1>Compilación del proyecto terminada "C:\Users\huig\Desktop\Universidad\Master\OpenGL\practica1\freeglut project 3D\freeglut project 3D.vcxproj" (Build destinos).

Compilación correcta.

Tiempo transcurrido 00:00:02.97
