Compilación iniciada a las 20/03/2016 10:45:25.
     1>Proyecto "C:\Users\huig\Desktop\Universidad\Master\OpenGL\practica1\freeglut project 3D\freeglut project 3D.vcxproj" en el nodo 2 (Build destinos).
     1>ClCompile:
         C:\Program Files (x86)\Microsoft Visual Studio 12.0\VC\bin\CL.exe /c /IC:\Users\huig\Desktop\Universidad\Master\OpenGL\practica1\freeglut\include\ /Zi /nologo /W3 /WX- /O2 /Oi /Oy- /GL /D _MBCS /Gm- /EHsc /MD /GS /Gy /fp:precise /Zc:wchar_t /Zc:forScope /Fo"Release\\" /Fd"Release\vc120.pdb" /Gd /TP /analyze- /errorReport:prompt main.cpp
         main.cpp
       Link:
         C:\Program Files (x86)\Microsoft Visual Studio 12.0\VC\bin\link.exe /ERRORREPORT:PROMPT /OUT:"C:\Users\huig\Desktop\Universidad\Master\OpenGL\practica1\Release\freeglut project 3D.exe" /NOLOGO /LIBPATH:C:\Users\huig\Desktop\Universidad\Master\OpenGL\practica1\freeglut\lib\ kernel32.lib user32.lib gdi32.lib winspool.lib comdlg32.lib advapi32.lib shell32.lib ole32.lib oleaut32.lib uuid.lib odbc32.lib odbccp32.lib /MANIFEST /MANIFESTUAC:"level='asInvoker' uiAccess='false'" /manifest:embed /DEBUG /PDB:"C:\Users\huig\Desktop\Universidad\Master\OpenGL\practica1\Release\freeglut project 3D.pdb" /OPT:REF /OPT:ICF /LTCG /TLBID:1 /DYNAMICBASE /NXCOMPAT /IMPLIB:"C:\Users\huig\Desktop\Universidad\Master\OpenGL\practica1\Release\freeglut project 3D.lib" /MACHINE:X86 /SAFESEH Release\Cara.obj
         Release\Hipotrocoide.obj
         Release\Iman.obj
         Release\main.obj
         Release\Malla.obj
         Release\Paralelepipedo.obj
         Release\PuntoVector3D.obj
         Release\VerticeNormal.obj
         Generando código
         Generación de código finalizada
         freeglut project 3D.vcxproj -> C:\Users\huig\Desktop\Universidad\Master\OpenGL\practica1\Release\freeglut project 3D.exe
     1>Compilación del proyecto terminada "C:\Users\huig\Desktop\Universidad\Master\OpenGL\practica1\freeglut project 3D\freeglut project 3D.vcxproj" (Build destinos).

Compilación correcta.

Tiempo transcurrido 00:00:01.26
